The target system is: PICO -  - cortex-m0plus
The host system is: Darwin - 23.4.0 - arm64
Compiling the C compiler identification source file "CMakeCCompilerId.c" succeeded.
Compiler: /Applications/ArmGNUToolchain/12.3.rel1/arm-none-eabi/bin/arm-none-eabi-gcc 
Build flags: ;-mcpu=cortex-m0plus;-mthumb
Id flags: -c 

The output was:
0


Compilation of the C compiler identification source "CMakeCCompilerId.c" produced "CMakeCCompilerId.o"

The C compiler identification is GNU, found in "/Users/yadullah/Downloads/FI_EmbeddedProgramming-master/cmake-build-debug/CMakeFiles/3.25.2/CompilerIdC/CMakeCCompilerId.o"

Compiling the CXX compiler identification source file "CMakeCXXCompilerId.cpp" succeeded.
Compiler: /Applications/ArmGNUToolchain/12.3.rel1/arm-none-eabi/bin/arm-none-eabi-g++ 
Build flags: ;-mcpu=cortex-m0plus;-mthumb
Id flags: -c 

The output was:
0


Compilation of the CXX compiler identification source "CMakeCXXCompilerId.cpp" produced "CMakeCXXCompilerId.o"

The CXX compiler identification is GNU, found in "/Users/yadullah/Downloads/FI_EmbeddedProgramming-master/cmake-build-debug/CMakeFiles/3.25.2/CompilerIdCXX/CMakeCXXCompilerId.o"

Checking whether the ASM compiler is GNU using "--version" matched "(GNU assembler)|(GCC)|(Free Software Foundation)":
arm-none-eabi-gcc (Arm GNU Toolchain 12.3.Rel1 (Build arm-12.35)) 12.3.1 20230626
Copyright (C) 2022 Free Software Foundation, Inc.
This is free software; see the source for copying conditions.  There is NO
warranty; not even for MERCHANTABILITY or FITNESS FOR A PARTICULAR PURPOSE.

Detecting C compiler ABI info compiled with the following output:
Change Dir: /Users/yadullah/Downloads/FI_EmbeddedProgramming-master/cmake-build-debug/CMakeFiles/CMakeScratch/TryCompile-AiNXJ7

Run Build Command(s):/usr/bin/make -f Makefile cmTC_c2979/fast && /Library/Developer/CommandLineTools/usr/bin/make  -f CMakeFiles/cmTC_c2979.dir/build.make CMakeFiles/cmTC_c2979.dir/build
Building C object CMakeFiles/cmTC_c2979.dir/CMakeCCompilerABI.c.obj
/Applications/ArmGNUToolchain/12.3.rel1/arm-none-eabi/bin/arm-none-eabi-gcc   -mcpu=cortex-m0plus -mthumb  -fdiagnostics-color=always   -v -o CMakeFiles/cmTC_c2979.dir/CMakeCCompilerABI.c.obj -c /Applications/CLion.app/Contents/bin/cmake/mac/share/cmake-3.25/Modules/CMakeCCompilerABI.c
Using built-in specs.
COLLECT_GCC=/Applications/ArmGNUToolchain/12.3.rel1/arm-none-eabi/bin/arm-none-eabi-gcc
Target: arm-none-eabi
Configured with: /Volumes/data/jenkins/workspace/GNU-toolchain/arm-12/src/gcc/configure --target=arm-none-eabi --prefix=/Volumes/data/jenkins/workspace/GNU-toolchain/arm-12/build-arm-none-eabi/install --with-gmp=/Volumes/data/jenkins/workspace/GNU-toolchain/arm-12/build-arm-none-eabi/host-tools --with-mpfr=/Volumes/data/jenkins/workspace/GNU-toolchain/arm-12/build-arm-none-eabi/host-tools --with-mpc=/Volumes/data/jenkins/workspace/GNU-toolchain/arm-12/build-arm-none-eabi/host-tools --with-isl=/Volumes/data/jenkins/workspace/GNU-toolchain/arm-12/build-arm-none-eabi/host-tools --disable-shared --disable-nls --disable-threads --disable-tls --enable-checking=release --enable-languages=c,c++,fortran --with-newlib --with-gnu-as --with-gnu-ld --with-sysroot=/Volumes/data/jenkins/workspace/GNU-toolchain/arm-12/build-arm-none-eabi/install/arm-none-eabi --with-multilib-list=aprofile,rmprofile --with-pkgversion='Arm GNU Toolchain 12.3.Rel1 (Build arm-12.35)' --with-bugurl=https://bugs.linaro.org/
Thread model: single
Supported LTO compression algorithms: zlib
gcc version 12.3.1 20230626 (Arm GNU Toolchain 12.3.Rel1 (Build arm-12.35)) 
COLLECT_GCC_OPTIONS='-fdiagnostics-color=always' '-mcpu=cortex-m0plus' '-mthumb' '-v' '-o' 'CMakeFiles/cmTC_c2979.dir/CMakeCCompilerABI.c.obj' '-c' '-mfloat-abi=soft' '-mlibarch=armv6s-m' '-march=armv6s-m' '-dumpdir' 'CMakeFiles/cmTC_c2979.dir/'
 /Applications/ArmGNUToolchain/12.3.rel1/arm-none-eabi/bin/../libexec/gcc/arm-none-eabi/12.3.1/cc1 -quiet -v -imultilib thumb/v6-m/nofp -iprefix /Applications/ArmGNUToolchain/12.3.rel1/arm-none-eabi/bin/../lib/gcc/arm-none-eabi/12.3.1/ -isysroot /Applications/ArmGNUToolchain/12.3.rel1/arm-none-eabi/bin/../arm-none-eabi -D__USES_INITFINI__ /Applications/CLion.app/Contents/bin/cmake/mac/share/cmake-3.25/Modules/CMakeCCompilerABI.c -quiet -dumpdir CMakeFiles/cmTC_c2979.dir/ -dumpbase CMakeCCompilerABI.c.c -dumpbase-ext .c -mcpu=cortex-m0plus -mthumb -mfloat-abi=soft -mlibarch=armv6s-m -march=armv6s-m -version -fdiagnostics-color=always -o /var/folders/4f/26m2clts1ms2d8l47h4xbny80000gn/T//ccjW1rxO.s
GNU C17 (Arm GNU Toolchain 12.3.Rel1 (Build arm-12.35)) version 12.3.1 20230626 (arm-none-eabi)
	compiled by GNU C version Apple LLVM 13.0.0 (clang-1300.0.29.30), GMP version 6.2.1, MPFR version 3.1.6, MPC version 1.0.3, isl version isl-0.15-1-g835ea3a-GMP

GGC heuristics: --param ggc-min-expand=100 --param ggc-min-heapsize=131072
ignoring duplicate directory "/Applications/ArmGNUToolchain/12.3.rel1/arm-none-eabi/bin/../lib/gcc/../../lib/gcc/arm-none-eabi/12.3.1/include"
ignoring nonexistent directory "/Applications/ArmGNUToolchain/12.3.rel1/arm-none-eabi/bin/../arm-none-eabi/usr/local/include"
ignoring duplicate directory "/Applications/ArmGNUToolchain/12.3.rel1/arm-none-eabi/bin/../lib/gcc/../../lib/gcc/arm-none-eabi/12.3.1/include-fixed"
ignoring duplicate directory "/Applications/ArmGNUToolchain/12.3.rel1/arm-none-eabi/bin/../lib/gcc/../../lib/gcc/arm-none-eabi/12.3.1/../../../../arm-none-eabi/include"
ignoring nonexistent directory "/Applications/ArmGNUToolchain/12.3.rel1/arm-none-eabi/bin/../arm-none-eabi/usr/include"
#include "..." search starts here:
#include <...> search starts here:
 /Applications/ArmGNUToolchain/12.3.rel1/arm-none-eabi/bin/../lib/gcc/arm-none-eabi/12.3.1/include
 /Applications/ArmGNUToolchain/12.3.rel1/arm-none-eabi/bin/../lib/gcc/arm-none-eabi/12.3.1/include-fixed
 /Applications/ArmGNUToolchain/12.3.rel1/arm-none-eabi/bin/../lib/gcc/arm-none-eabi/12.3.1/../../../../arm-none-eabi/include
End of search list.
GNU C17 (Arm GNU Toolchain 12.3.Rel1 (Build arm-12.35)) version 12.3.1 20230626 (arm-none-eabi)
	compiled by GNU C version Apple LLVM 13.0.0 (clang-1300.0.29.30), GMP version 6.2.1, MPFR version 3.1.6, MPC version 1.0.3, isl version isl-0.15-1-g835ea3a-GMP

GGC heuristics: --param ggc-min-expand=100 --param ggc-min-heapsize=131072
Compiler executable checksum: f859eae457a951b217be15d206a277d6
COLLECT_GCC_OPTIONS='-fdiagnostics-color=always' '-mcpu=cortex-m0plus' '-mthumb' '-v' '-o' 'CMakeFiles/cmTC_c2979.dir/CMakeCCompilerABI.c.obj' '-c' '-mfloat-abi=soft' '-mlibarch=armv6s-m' '-march=armv6s-m' '-dumpdir' 'CMakeFiles/cmTC_c2979.dir/'
 /Applications/ArmGNUToolchain/12.3.rel1/arm-none-eabi/bin/../lib/gcc/arm-none-eabi/12.3.1/../../../../arm-none-eabi/bin/as -v -march=armv6s-m -mfloat-abi=soft -meabi=5 -o CMakeFiles/cmTC_c2979.dir/CMakeCCompilerABI.c.obj /var/folders/4f/26m2clts1ms2d8l47h4xbny80000gn/T//ccjW1rxO.s
GNU assembler version 2.40.0 (arm-none-eabi) using BFD version (Arm GNU Toolchain 12.3.Rel1 (Build arm-12.35)) 2.40.0.20230627
COMPILER_PATH=/Applications/ArmGNUToolchain/12.3.rel1/arm-none-eabi/bin/../libexec/gcc/arm-none-eabi/12.3.1/:/Applications/ArmGNUToolchain/12.3.rel1/arm-none-eabi/bin/../libexec/gcc/:/Applications/ArmGNUToolchain/12.3.rel1/arm-none-eabi/bin/../lib/gcc/arm-none-eabi/12.3.1/../../../../arm-none-eabi/bin/
LIBRARY_PATH=/Applications/ArmGNUToolchain/12.3.rel1/arm-none-eabi/bin/../lib/gcc/arm-none-eabi/12.3.1/thumb/v6-m/nofp/:/Applications/ArmGNUToolchain/12.3.rel1/arm-none-eabi/bin/../lib/gcc/arm-none-eabi/12.3.1/../../../../arm-none-eabi/lib/thumb/v6-m/nofp/:/Applications/ArmGNUToolchain/12.3.rel1/arm-none-eabi/bin/../arm-none-eabi/lib/thumb/v6-m/nofp/:/Applications/ArmGNUToolchain/12.3.rel1/arm-none-eabi/bin/../lib/gcc/arm-none-eabi/12.3.1/:/Applications/ArmGNUToolchain/12.3.rel1/arm-none-eabi/bin/../lib/gcc/:/Applications/ArmGNUToolchain/12.3.rel1/arm-none-eabi/bin/../lib/gcc/arm-none-eabi/12.3.1/../../../../arm-none-eabi/lib/:/Applications/ArmGNUToolchain/12.3.rel1/arm-none-eabi/bin/../arm-none-eabi/lib/
COLLECT_GCC_OPTIONS='-fdiagnostics-color=always' '-mcpu=cortex-m0plus' '-mthumb' '-v' '-o' 'CMakeFiles/cmTC_c2979.dir/CMakeCCompilerABI.c.obj' '-c' '-mfloat-abi=soft' '-mlibarch=armv6s-m' '-march=armv6s-m' '-dumpdir' 'CMakeFiles/cmTC_c2979.dir/CMakeCCompilerABI.c.'
Linking C executable cmTC_c2979.elf
/Applications/CLion.app/Contents/bin/cmake/mac/bin/cmake -E cmake_link_script CMakeFiles/cmTC_c2979.dir/link.txt --verbose=1
/Applications/ArmGNUToolchain/12.3.rel1/arm-none-eabi/bin/arm-none-eabi-gcc -mcpu=cortex-m0plus -mthumb  -Wl,--build-id=none -nostdlib  -v CMakeFiles/cmTC_c2979.dir/CMakeCCompilerABI.c.obj -o cmTC_c2979.elf 
Using built-in specs.
COLLECT_GCC=/Applications/ArmGNUToolchain/12.3.rel1/arm-none-eabi/bin/arm-none-eabi-gcc
COLLECT_LTO_WRAPPER=/Applications/ArmGNUToolchain/12.3.rel1/arm-none-eabi/bin/../libexec/gcc/arm-none-eabi/12.3.1/lto-wrapper
Target: arm-none-eabi
Configured with: /Volumes/data/jenkins/workspace/GNU-toolchain/arm-12/src/gcc/configure --target=arm-none-eabi --prefix=/Volumes/data/jenkins/workspace/GNU-toolchain/arm-12/build-arm-none-eabi/install --with-gmp=/Volumes/data/jenkins/workspace/GNU-toolchain/arm-12/build-arm-none-eabi/host-tools --with-mpfr=/Volumes/data/jenkins/workspace/GNU-toolchain/arm-12/build-arm-none-eabi/host-tools --with-mpc=/Volumes/data/jenkins/workspace/GNU-toolchain/arm-12/build-arm-none-eabi/host-tools --with-isl=/Volumes/data/jenkins/workspace/GNU-toolchain/arm-12/build-arm-none-eabi/host-tools --disable-shared --disable-nls --disable-threads --disable-tls --enable-checking=release --enable-languages=c,c++,fortran --with-newlib --with-gnu-as --with-gnu-ld --with-sysroot=/Volumes/data/jenkins/workspace/GNU-toolchain/arm-12/build-arm-none-eabi/install/arm-none-eabi --with-multilib-list=aprofile,rmprofile --with-pkgversion='Arm GNU Toolchain 12.3.Rel1 (Build arm-12.35)' --with-bugurl=https://bugs.linaro.org/
Thread model: single
Supported LTO compression algorithms: zlib
gcc version 12.3.1 20230626 (Arm GNU Toolchain 12.3.Rel1 (Build arm-12.35)) 
COMPILER_PATH=/Applications/ArmGNUToolchain/12.3.rel1/arm-none-eabi/bin/../libexec/gcc/arm-none-eabi/12.3.1/:/Applications/ArmGNUToolchain/12.3.rel1/arm-none-eabi/bin/../libexec/gcc/:/Applications/ArmGNUToolchain/12.3.rel1/arm-none-eabi/bin/../lib/gcc/arm-none-eabi/12.3.1/../../../../arm-none-eabi/bin/
LIBRARY_PATH=/Applications/ArmGNUToolchain/12.3.rel1/arm-none-eabi/bin/../lib/gcc/arm-none-eabi/12.3.1/thumb/v6-m/nofp/:/Applications/ArmGNUToolchain/12.3.rel1/arm-none-eabi/bin/../lib/gcc/arm-none-eabi/12.3.1/../../../../arm-none-eabi/lib/thumb/v6-m/nofp/:/Applications/ArmGNUToolchain/12.3.rel1/arm-none-eabi/bin/../arm-none-eabi/lib/thumb/v6-m/nofp/:/Applications/ArmGNUToolchain/12.3.rel1/arm-none-eabi/bin/../lib/gcc/arm-none-eabi/12.3.1/:/Applications/ArmGNUToolchain/12.3.rel1/arm-none-eabi/bin/../lib/gcc/:/Applications/ArmGNUToolchain/12.3.rel1/arm-none-eabi/bin/../lib/gcc/arm-none-eabi/12.3.1/../../../../arm-none-eabi/lib/:/Applications/ArmGNUToolchain/12.3.rel1/arm-none-eabi/bin/../arm-none-eabi/lib/
COLLECT_GCC_OPTIONS='-mcpu=cortex-m0plus' '-mthumb' '-nostdlib' '-v' '-o' 'cmTC_c2979.elf' '-mfloat-abi=soft' '-mlibarch=armv6s-m' '-march=armv6s-m' '-dumpdir' 'cmTC_c2979.elf.'
 /Applications/ArmGNUToolchain/12.3.rel1/arm-none-eabi/bin/../libexec/gcc/arm-none-eabi/12.3.1/collect2 -plugin /Applications/ArmGNUToolchain/12.3.rel1/arm-none-eabi/bin/../libexec/gcc/arm-none-eabi/12.3.1/liblto_plugin.so -plugin-opt=/Applications/ArmGNUToolchain/12.3.rel1/arm-none-eabi/bin/../libexec/gcc/arm-none-eabi/12.3.1/lto-wrapper -plugin-opt=-fresolution=/var/folders/4f/26m2clts1ms2d8l47h4xbny80000gn/T//cco9mzs9.res --sysroot=/Applications/ArmGNUToolchain/12.3.rel1/arm-none-eabi/bin/../arm-none-eabi -X -o cmTC_c2979.elf -L/Applications/ArmGNUToolchain/12.3.rel1/arm-none-eabi/bin/../lib/gcc/arm-none-eabi/12.3.1/thumb/v6-m/nofp -L/Applications/ArmGNUToolchain/12.3.rel1/arm-none-eabi/bin/../lib/gcc/arm-none-eabi/12.3.1/../../../../arm-none-eabi/lib/thumb/v6-m/nofp -L/Applications/ArmGNUToolchain/12.3.rel1/arm-none-eabi/bin/../arm-none-eabi/lib/thumb/v6-m/nofp -L/Applications/ArmGNUToolchain/12.3.rel1/arm-none-eabi/bin/../lib/gcc/arm-none-eabi/12.3.1 -L/Applications/ArmGNUToolchain/12.3.rel1/arm-none-eabi/bin/../lib/gcc -L/Applications/ArmGNUToolchain/12.3.rel1/arm-none-eabi/bin/../lib/gcc/arm-none-eabi/12.3.1/../../../../arm-none-eabi/lib -L/Applications/ArmGNUToolchain/12.3.rel1/arm-none-eabi/bin/../arm-none-eabi/lib --build-id=none CMakeFiles/cmTC_c2979.dir/CMakeCCompilerABI.c.obj
/Applications/ArmGNUToolchain/12.3.rel1/arm-none-eabi/bin/../lib/gcc/arm-none-eabi/12.3.1/../../../../arm-none-eabi/bin/ld: warning: cannot find entry symbol _start; defaulting to 00008000
COLLECT_GCC_OPTIONS='-mcpu=cortex-m0plus' '-mthumb' '-nostdlib' '-v' '-o' 'cmTC_c2979.elf' '-mfloat-abi=soft' '-mlibarch=armv6s-m' '-march=armv6s-m' '-dumpdir' 'cmTC_c2979.elf.'



Parsed C implicit include dir info from above output: rv=done
  found start of include info
  found start of implicit include info
    add: [/Applications/ArmGNUToolchain/12.3.rel1/arm-none-eabi/bin/../lib/gcc/arm-none-eabi/12.3.1/include]
    add: [/Applications/ArmGNUToolchain/12.3.rel1/arm-none-eabi/bin/../lib/gcc/arm-none-eabi/12.3.1/include-fixed]
    add: [/Applications/ArmGNUToolchain/12.3.rel1/arm-none-eabi/bin/../lib/gcc/arm-none-eabi/12.3.1/../../../../arm-none-eabi/include]
  end of search list found
  collapse include dir [/Applications/ArmGNUToolchain/12.3.rel1/arm-none-eabi/bin/../lib/gcc/arm-none-eabi/12.3.1/include] ==> [/Applications/ArmGNUToolchain/12.3.rel1/arm-none-eabi/lib/gcc/arm-none-eabi/12.3.1/include]
  collapse include dir [/Applications/ArmGNUToolchain/12.3.rel1/arm-none-eabi/bin/../lib/gcc/arm-none-eabi/12.3.1/include-fixed] ==> [/Applications/ArmGNUToolchain/12.3.rel1/arm-none-eabi/lib/gcc/arm-none-eabi/12.3.1/include-fixed]
  collapse include dir [/Applications/ArmGNUToolchain/12.3.rel1/arm-none-eabi/bin/../lib/gcc/arm-none-eabi/12.3.1/../../../../arm-none-eabi/include] ==> [/Applications/ArmGNUToolchain/12.3.rel1/arm-none-eabi/arm-none-eabi/include]
  implicit include dirs: [/Applications/ArmGNUToolchain/12.3.rel1/arm-none-eabi/lib/gcc/arm-none-eabi/12.3.1/include;/Applications/ArmGNUToolchain/12.3.rel1/arm-none-eabi/lib/gcc/arm-none-eabi/12.3.1/include-fixed;/Applications/ArmGNUToolchain/12.3.rel1/arm-none-eabi/arm-none-eabi/include]


Parsed C implicit link information from above output:
  link line regex: [^( *|.*[/\])(arm-none-eabi-ld|CMAKE_LINK_STARTFILE-NOTFOUND|([^/\]+-)?ld|collect2)[^/\]*( |$)]
  ignore line: [Change Dir: /Users/yadullah/Downloads/FI_EmbeddedProgramming-master/cmake-build-debug/CMakeFiles/CMakeScratch/TryCompile-AiNXJ7]
  ignore line: []
  ignore line: [Run Build Command(s):/usr/bin/make -f Makefile cmTC_c2979/fast && /Library/Developer/CommandLineTools/usr/bin/make  -f CMakeFiles/cmTC_c2979.dir/build.make CMakeFiles/cmTC_c2979.dir/build]
  ignore line: [Building C object CMakeFiles/cmTC_c2979.dir/CMakeCCompilerABI.c.obj]
  ignore line: [/Applications/ArmGNUToolchain/12.3.rel1/arm-none-eabi/bin/arm-none-eabi-gcc   -mcpu=cortex-m0plus -mthumb  -fdiagnostics-color=always   -v -o CMakeFiles/cmTC_c2979.dir/CMakeCCompilerABI.c.obj -c /Applications/CLion.app/Contents/bin/cmake/mac/share/cmake-3.25/Modules/CMakeCCompilerABI.c]
  ignore line: [Using built-in specs.]
  ignore line: [COLLECT_GCC=/Applications/ArmGNUToolchain/12.3.rel1/arm-none-eabi/bin/arm-none-eabi-gcc]
  ignore line: [Target: arm-none-eabi]
  ignore line: [Configured with: /Volumes/data/jenkins/workspace/GNU-toolchain/arm-12/src/gcc/configure --target=arm-none-eabi --prefix=/Volumes/data/jenkins/workspace/GNU-toolchain/arm-12/build-arm-none-eabi/install --with-gmp=/Volumes/data/jenkins/workspace/GNU-toolchain/arm-12/build-arm-none-eabi/host-tools --with-mpfr=/Volumes/data/jenkins/workspace/GNU-toolchain/arm-12/build-arm-none-eabi/host-tools --with-mpc=/Volumes/data/jenkins/workspace/GNU-toolchain/arm-12/build-arm-none-eabi/host-tools --with-isl=/Volumes/data/jenkins/workspace/GNU-toolchain/arm-12/build-arm-none-eabi/host-tools --disable-shared --disable-nls --disable-threads --disable-tls --enable-checking=release --enable-languages=c,c++,fortran --with-newlib --with-gnu-as --with-gnu-ld --with-sysroot=/Volumes/data/jenkins/workspace/GNU-toolchain/arm-12/build-arm-none-eabi/install/arm-none-eabi --with-multilib-list=aprofile,rmprofile --with-pkgversion='Arm GNU Toolchain 12.3.Rel1 (Build arm-12.35)' --with-bugurl=https://bugs.linaro.org/]
  ignore line: [Thread model: single]
  ignore line: [Supported LTO compression algorithms: zlib]
  ignore line: [gcc version 12.3.1 20230626 (Arm GNU Toolchain 12.3.Rel1 (Build arm-12.35)) ]
  ignore line: [COLLECT_GCC_OPTIONS='-fdiagnostics-color=always' '-mcpu=cortex-m0plus' '-mthumb' '-v' '-o' 'CMakeFiles/cmTC_c2979.dir/CMakeCCompilerABI.c.obj' '-c' '-mfloat-abi=soft' '-mlibarch=armv6s-m' '-march=armv6s-m' '-dumpdir' 'CMakeFiles/cmTC_c2979.dir/']
  ignore line: [ /Applications/ArmGNUToolchain/12.3.rel1/arm-none-eabi/bin/../libexec/gcc/arm-none-eabi/12.3.1/cc1 -quiet -v -imultilib thumb/v6-m/nofp -iprefix /Applications/ArmGNUToolchain/12.3.rel1/arm-none-eabi/bin/../lib/gcc/arm-none-eabi/12.3.1/ -isysroot /Applications/ArmGNUToolchain/12.3.rel1/arm-none-eabi/bin/../arm-none-eabi -D__USES_INITFINI__ /Applications/CLion.app/Contents/bin/cmake/mac/share/cmake-3.25/Modules/CMakeCCompilerABI.c -quiet -dumpdir CMakeFiles/cmTC_c2979.dir/ -dumpbase CMakeCCompilerABI.c.c -dumpbase-ext .c -mcpu=cortex-m0plus -mthumb -mfloat-abi=soft -mlibarch=armv6s-m -march=armv6s-m -version -fdiagnostics-color=always -o /var/folders/4f/26m2clts1ms2d8l47h4xbny80000gn/T//ccjW1rxO.s]
  ignore line: [GNU C17 (Arm GNU Toolchain 12.3.Rel1 (Build arm-12.35)) version 12.3.1 20230626 (arm-none-eabi)]
  ignore line: [	compiled by GNU C version Apple LLVM 13.0.0 (clang-1300.0.29.30)  GMP version 6.2.1  MPFR version 3.1.6  MPC version 1.0.3  isl version isl-0.15-1-g835ea3a-GMP]
  ignore line: []
  ignore line: [GGC heuristics: --param ggc-min-expand=100 --param ggc-min-heapsize=131072]
  ignore line: [ignoring duplicate directory "/Applications/ArmGNUToolchain/12.3.rel1/arm-none-eabi/bin/../lib/gcc/../../lib/gcc/arm-none-eabi/12.3.1/include"]
  ignore line: [ignoring nonexistent directory "/Applications/ArmGNUToolchain/12.3.rel1/arm-none-eabi/bin/../arm-none-eabi/usr/local/include"]
  ignore line: [ignoring duplicate directory "/Applications/ArmGNUToolchain/12.3.rel1/arm-none-eabi/bin/../lib/gcc/../../lib/gcc/arm-none-eabi/12.3.1/include-fixed"]
  ignore line: [ignoring duplicate directory "/Applications/ArmGNUToolchain/12.3.rel1/arm-none-eabi/bin/../lib/gcc/../../lib/gcc/arm-none-eabi/12.3.1/../../../../arm-none-eabi/include"]
  ignore line: [ignoring nonexistent directory "/Applications/ArmGNUToolchain/12.3.rel1/arm-none-eabi/bin/../arm-none-eabi/usr/include"]
  ignore line: [#include "..." search starts here:]
  ignore line: [#include <...> search starts here:]
  ignore line: [ /Applications/ArmGNUToolchain/12.3.rel1/arm-none-eabi/bin/../lib/gcc/arm-none-eabi/12.3.1/include]
  ignore line: [ /Applications/ArmGNUToolchain/12.3.rel1/arm-none-eabi/bin/../lib/gcc/arm-none-eabi/12.3.1/include-fixed]
  ignore line: [ /Applications/ArmGNUToolchain/12.3.rel1/arm-none-eabi/bin/../lib/gcc/arm-none-eabi/12.3.1/../../../../arm-none-eabi/include]
  ignore line: [End of search list.]
  ignore line: [GNU C17 (Arm GNU Toolchain 12.3.Rel1 (Build arm-12.35)) version 12.3.1 20230626 (arm-none-eabi)]
  ignore line: [	compiled by GNU C version Apple LLVM 13.0.0 (clang-1300.0.29.30)  GMP version 6.2.1  MPFR version 3.1.6  MPC version 1.0.3  isl version isl-0.15-1-g835ea3a-GMP]
  ignore line: []
  ignore line: [GGC heuristics: --param ggc-min-expand=100 --param ggc-min-heapsize=131072]
  ignore line: [Compiler executable checksum: f859eae457a951b217be15d206a277d6]
  ignore line: [COLLECT_GCC_OPTIONS='-fdiagnostics-color=always' '-mcpu=cortex-m0plus' '-mthumb' '-v' '-o' 'CMakeFiles/cmTC_c2979.dir/CMakeCCompilerABI.c.obj' '-c' '-mfloat-abi=soft' '-mlibarch=armv6s-m' '-march=armv6s-m' '-dumpdir' 'CMakeFiles/cmTC_c2979.dir/']
  ignore line: [ /Applications/ArmGNUToolchain/12.3.rel1/arm-none-eabi/bin/../lib/gcc/arm-none-eabi/12.3.1/../../../../arm-none-eabi/bin/as -v -march=armv6s-m -mfloat-abi=soft -meabi=5 -o CMakeFiles/cmTC_c2979.dir/CMakeCCompilerABI.c.obj /var/folders/4f/26m2clts1ms2d8l47h4xbny80000gn/T//ccjW1rxO.s]
  ignore line: [GNU assembler version 2.40.0 (arm-none-eabi) using BFD version (Arm GNU Toolchain 12.3.Rel1 (Build arm-12.35)) 2.40.0.20230627]
  ignore line: [COMPILER_PATH=/Applications/ArmGNUToolchain/12.3.rel1/arm-none-eabi/bin/../libexec/gcc/arm-none-eabi/12.3.1/:/Applications/ArmGNUToolchain/12.3.rel1/arm-none-eabi/bin/../libexec/gcc/:/Applications/ArmGNUToolchain/12.3.rel1/arm-none-eabi/bin/../lib/gcc/arm-none-eabi/12.3.1/../../../../arm-none-eabi/bin/]
  ignore line: [LIBRARY_PATH=/Applications/ArmGNUToolchain/12.3.rel1/arm-none-eabi/bin/../lib/gcc/arm-none-eabi/12.3.1/thumb/v6-m/nofp/:/Applications/ArmGNUToolchain/12.3.rel1/arm-none-eabi/bin/../lib/gcc/arm-none-eabi/12.3.1/../../../../arm-none-eabi/lib/thumb/v6-m/nofp/:/Applications/ArmGNUToolchain/12.3.rel1/arm-none-eabi/bin/../arm-none-eabi/lib/thumb/v6-m/nofp/:/Applications/ArmGNUToolchain/12.3.rel1/arm-none-eabi/bin/../lib/gcc/arm-none-eabi/12.3.1/:/Applications/ArmGNUToolchain/12.3.rel1/arm-none-eabi/bin/../lib/gcc/:/Applications/ArmGNUToolchain/12.3.rel1/arm-none-eabi/bin/../lib/gcc/arm-none-eabi/12.3.1/../../../../arm-none-eabi/lib/:/Applications/ArmGNUToolchain/12.3.rel1/arm-none-eabi/bin/../arm-none-eabi/lib/]
  ignore line: [COLLECT_GCC_OPTIONS='-fdiagnostics-color=always' '-mcpu=cortex-m0plus' '-mthumb' '-v' '-o' 'CMakeFiles/cmTC_c2979.dir/CMakeCCompilerABI.c.obj' '-c' '-mfloat-abi=soft' '-mlibarch=armv6s-m' '-march=armv6s-m' '-dumpdir' 'CMakeFiles/cmTC_c2979.dir/CMakeCCompilerABI.c.']
  ignore line: [Linking C executable cmTC_c2979.elf]
  ignore line: [/Applications/CLion.app/Contents/bin/cmake/mac/bin/cmake -E cmake_link_script CMakeFiles/cmTC_c2979.dir/link.txt --verbose=1]
  ignore line: [/Applications/ArmGNUToolchain/12.3.rel1/arm-none-eabi/bin/arm-none-eabi-gcc -mcpu=cortex-m0plus -mthumb  -Wl --build-id=none -nostdlib  -v CMakeFiles/cmTC_c2979.dir/CMakeCCompilerABI.c.obj -o cmTC_c2979.elf ]
  ignore line: [Using built-in specs.]
  ignore line: [COLLECT_GCC=/Applications/ArmGNUToolchain/12.3.rel1/arm-none-eabi/bin/arm-none-eabi-gcc]
  ignore line: [COLLECT_LTO_WRAPPER=/Applications/ArmGNUToolchain/12.3.rel1/arm-none-eabi/bin/../libexec/gcc/arm-none-eabi/12.3.1/lto-wrapper]
  ignore line: [Target: arm-none-eabi]
  ignore line: [Configured with: /Volumes/data/jenkins/workspace/GNU-toolchain/arm-12/src/gcc/configure --target=arm-none-eabi --prefix=/Volumes/data/jenkins/workspace/GNU-toolchain/arm-12/build-arm-none-eabi/install --with-gmp=/Volumes/data/jenkins/workspace/GNU-toolchain/arm-12/build-arm-none-eabi/host-tools --with-mpfr=/Volumes/data/jenkins/workspace/GNU-toolchain/arm-12/build-arm-none-eabi/host-tools --with-mpc=/Volumes/data/jenkins/workspace/GNU-toolchain/arm-12/build-arm-none-eabi/host-tools --with-isl=/Volumes/data/jenkins/workspace/GNU-toolchain/arm-12/build-arm-none-eabi/host-tools --disable-shared --disable-nls --disable-threads --disable-tls --enable-checking=release --enable-languages=c,c++,fortran --with-newlib --with-gnu-as --with-gnu-ld --with-sysroot=/Volumes/data/jenkins/workspace/GNU-toolchain/arm-12/build-arm-none-eabi/install/arm-none-eabi --with-multilib-list=aprofile,rmprofile --with-pkgversion='Arm GNU Toolchain 12.3.Rel1 (Build arm-12.35)' --with-bugurl=https://bugs.linaro.org/]
  ignore line: [Thread model: single]
  ignore line: [Supported LTO compression algorithms: zlib]
  ignore line: [gcc version 12.3.1 20230626 (Arm GNU Toolchain 12.3.Rel1 (Build arm-12.35)) ]
  ignore line: [COMPILER_PATH=/Applications/ArmGNUToolchain/12.3.rel1/arm-none-eabi/bin/../libexec/gcc/arm-none-eabi/12.3.1/:/Applications/ArmGNUToolchain/12.3.rel1/arm-none-eabi/bin/../libexec/gcc/:/Applications/ArmGNUToolchain/12.3.rel1/arm-none-eabi/bin/../lib/gcc/arm-none-eabi/12.3.1/../../../../arm-none-eabi/bin/]
  ignore line: [LIBRARY_PATH=/Applications/ArmGNUToolchain/12.3.rel1/arm-none-eabi/bin/../lib/gcc/arm-none-eabi/12.3.1/thumb/v6-m/nofp/:/Applications/ArmGNUToolchain/12.3.rel1/arm-none-eabi/bin/../lib/gcc/arm-none-eabi/12.3.1/../../../../arm-none-eabi/lib/thumb/v6-m/nofp/:/Applications/ArmGNUToolchain/12.3.rel1/arm-none-eabi/bin/../arm-none-eabi/lib/thumb/v6-m/nofp/:/Applications/ArmGNUToolchain/12.3.rel1/arm-none-eabi/bin/../lib/gcc/arm-none-eabi/12.3.1/:/Applications/ArmGNUToolchain/12.3.rel1/arm-none-eabi/bin/../lib/gcc/:/Applications/ArmGNUToolchain/12.3.rel1/arm-none-eabi/bin/../lib/gcc/arm-none-eabi/12.3.1/../../../../arm-none-eabi/lib/:/Applications/ArmGNUToolchain/12.3.rel1/arm-none-eabi/bin/../arm-none-eabi/lib/]
  ignore line: [COLLECT_GCC_OPTIONS='-mcpu=cortex-m0plus' '-mthumb' '-nostdlib' '-v' '-o' 'cmTC_c2979.elf' '-mfloat-abi=soft' '-mlibarch=armv6s-m' '-march=armv6s-m' '-dumpdir' 'cmTC_c2979.elf.']
  link line: [ /Applications/ArmGNUToolchain/12.3.rel1/arm-none-eabi/bin/../libexec/gcc/arm-none-eabi/12.3.1/collect2 -plugin /Applications/ArmGNUToolchain/12.3.rel1/arm-none-eabi/bin/../libexec/gcc/arm-none-eabi/12.3.1/liblto_plugin.so -plugin-opt=/Applications/ArmGNUToolchain/12.3.rel1/arm-none-eabi/bin/../libexec/gcc/arm-none-eabi/12.3.1/lto-wrapper -plugin-opt=-fresolution=/var/folders/4f/26m2clts1ms2d8l47h4xbny80000gn/T//cco9mzs9.res --sysroot=/Applications/ArmGNUToolchain/12.3.rel1/arm-none-eabi/bin/../arm-none-eabi -X -o cmTC_c2979.elf -L/Applications/ArmGNUToolchain/12.3.rel1/arm-none-eabi/bin/../lib/gcc/arm-none-eabi/12.3.1/thumb/v6-m/nofp -L/Applications/ArmGNUToolchain/12.3.rel1/arm-none-eabi/bin/../lib/gcc/arm-none-eabi/12.3.1/../../../../arm-none-eabi/lib/thumb/v6-m/nofp -L/Applications/ArmGNUToolchain/12.3.rel1/arm-none-eabi/bin/../arm-none-eabi/lib/thumb/v6-m/nofp -L/Applications/ArmGNUToolchain/12.3.rel1/arm-none-eabi/bin/../lib/gcc/arm-none-eabi/12.3.1 -L/Applications/ArmGNUToolchain/12.3.rel1/arm-none-eabi/bin/../lib/gcc -L/Applications/ArmGNUToolchain/12.3.rel1/arm-none-eabi/bin/../lib/gcc/arm-none-eabi/12.3.1/../../../../arm-none-eabi/lib -L/Applications/ArmGNUToolchain/12.3.rel1/arm-none-eabi/bin/../arm-none-eabi/lib --build-id=none CMakeFiles/cmTC_c2979.dir/CMakeCCompilerABI.c.obj]
    arg [/Applications/ArmGNUToolchain/12.3.rel1/arm-none-eabi/bin/../libexec/gcc/arm-none-eabi/12.3.1/collect2] ==> ignore
    arg [-plugin] ==> ignore
    arg [/Applications/ArmGNUToolchain/12.3.rel1/arm-none-eabi/bin/../libexec/gcc/arm-none-eabi/12.3.1/liblto_plugin.so] ==> ignore
    arg [-plugin-opt=/Applications/ArmGNUToolchain/12.3.rel1/arm-none-eabi/bin/../libexec/gcc/arm-none-eabi/12.3.1/lto-wrapper] ==> ignore
    arg [-plugin-opt=-fresolution=/var/folders/4f/26m2clts1ms2d8l47h4xbny80000gn/T//cco9mzs9.res] ==> ignore
    arg [--sysroot=/Applications/ArmGNUToolchain/12.3.rel1/arm-none-eabi/bin/../arm-none-eabi] ==> ignore
    arg [-X] ==> ignore
    arg [-o] ==> ignore
    arg [cmTC_c2979.elf] ==> ignore
    arg [-L/Applications/ArmGNUToolchain/12.3.rel1/arm-none-eabi/bin/../lib/gcc/arm-none-eabi/12.3.1/thumb/v6-m/nofp] ==> dir [/Applications/ArmGNUToolchain/12.3.rel1/arm-none-eabi/bin/../lib/gcc/arm-none-eabi/12.3.1/thumb/v6-m/nofp]
    arg [-L/Applications/ArmGNUToolchain/12.3.rel1/arm-none-eabi/bin/../lib/gcc/arm-none-eabi/12.3.1/../../../../arm-none-eabi/lib/thumb/v6-m/nofp] ==> dir [/Applications/ArmGNUToolchain/12.3.rel1/arm-none-eabi/bin/../lib/gcc/arm-none-eabi/12.3.1/../../../../arm-none-eabi/lib/thumb/v6-m/nofp]
    arg [-L/Applications/ArmGNUToolchain/12.3.rel1/arm-none-eabi/bin/../arm-none-eabi/lib/thumb/v6-m/nofp] ==> dir [/Applications/ArmGNUToolchain/12.3.rel1/arm-none-eabi/bin/../arm-none-eabi/lib/thumb/v6-m/nofp]
    arg [-L/Applications/ArmGNUToolchain/12.3.rel1/arm-none-eabi/bin/../lib/gcc/arm-none-eabi/12.3.1] ==> dir [/Applications/ArmGNUToolchain/12.3.rel1/arm-none-eabi/bin/../lib/gcc/arm-none-eabi/12.3.1]
    arg [-L/Applications/ArmGNUToolchain/12.3.rel1/arm-none-eabi/bin/../lib/gcc] ==> dir [/Applications/ArmGNUToolchain/12.3.rel1/arm-none-eabi/bin/../lib/gcc]
    arg [-L/Applications/ArmGNUToolchain/12.3.rel1/arm-none-eabi/bin/../lib/gcc/arm-none-eabi/12.3.1/../../../../arm-none-eabi/lib] ==> dir [/Applications/ArmGNUToolchain/12.3.rel1/arm-none-eabi/bin/../lib/gcc/arm-none-eabi/12.3.1/../../../../arm-none-eabi/lib]
    arg [-L/Applications/ArmGNUToolchain/12.3.rel1/arm-none-eabi/bin/../arm-none-eabi/lib] ==> dir [/Applications/ArmGNUToolchain/12.3.rel1/arm-none-eabi/bin/../arm-none-eabi/lib]
    arg [--build-id=none] ==> ignore
    arg [CMakeFiles/cmTC_c2979.dir/CMakeCCompilerABI.c.obj] ==> ignore
  collapse library dir [/Applications/ArmGNUToolchain/12.3.rel1/arm-none-eabi/bin/../lib/gcc/arm-none-eabi/12.3.1/thumb/v6-m/nofp] ==> [/Applications/ArmGNUToolchain/12.3.rel1/arm-none-eabi/lib/gcc/arm-none-eabi/12.3.1/thumb/v6-m/nofp]
  collapse library dir [/Applications/ArmGNUToolchain/12.3.rel1/arm-none-eabi/bin/../lib/gcc/arm-none-eabi/12.3.1/../../../../arm-none-eabi/lib/thumb/v6-m/nofp] ==> [/Applications/ArmGNUToolchain/12.3.rel1/arm-none-eabi/arm-none-eabi/lib/thumb/v6-m/nofp]
  collapse library dir [/Applications/ArmGNUToolchain/12.3.rel1/arm-none-eabi/bin/../arm-none-eabi/lib/thumb/v6-m/nofp] ==> [/Applications/ArmGNUToolchain/12.3.rel1/arm-none-eabi/arm-none-eabi/lib/thumb/v6-m/nofp]
  collapse library dir [/Applications/ArmGNUToolchain/12.3.rel1/arm-none-eabi/bin/../lib/gcc/arm-none-eabi/12.3.1] ==> [/Applications/ArmGNUToolchain/12.3.rel1/arm-none-eabi/lib/gcc/arm-none-eabi/12.3.1]
  collapse library dir [/Applications/ArmGNUToolchain/12.3.rel1/arm-none-eabi/bin/../lib/gcc] ==> [/Applications/ArmGNUToolchain/12.3.rel1/arm-none-eabi/lib/gcc]
  collapse library dir [/Applications/ArmGNUToolchain/12.3.rel1/arm-none-eabi/bin/../lib/gcc/arm-none-eabi/12.3.1/../../../../arm-none-eabi/lib] ==> [/Applications/ArmGNUToolchain/12.3.rel1/arm-none-eabi/arm-none-eabi/lib]
  collapse library dir [/Applications/ArmGNUToolchain/12.3.rel1/arm-none-eabi/bin/../arm-none-eabi/lib] ==> [/Applications/ArmGNUToolchain/12.3.rel1/arm-none-eabi/arm-none-eabi/lib]
  implicit libs: []
  implicit objs: []
  implicit dirs: [/Applications/ArmGNUToolchain/12.3.rel1/arm-none-eabi/lib/gcc/arm-none-eabi/12.3.1/thumb/v6-m/nofp;/Applications/ArmGNUToolchain/12.3.rel1/arm-none-eabi/arm-none-eabi/lib/thumb/v6-m/nofp;/Applications/ArmGNUToolchain/12.3.rel1/arm-none-eabi/lib/gcc/arm-none-eabi/12.3.1;/Applications/ArmGNUToolchain/12.3.rel1/arm-none-eabi/lib/gcc;/Applications/ArmGNUToolchain/12.3.rel1/arm-none-eabi/arm-none-eabi/lib]
  implicit fwks: []


Detecting CXX compiler ABI info compiled with the following output:
Change Dir: /Users/yadullah/Downloads/FI_EmbeddedProgramming-master/cmake-build-debug/CMakeFiles/CMakeScratch/TryCompile-mYe6Tb

Run Build Command(s):/usr/bin/make -f Makefile cmTC_6f3fd/fast && /Library/Developer/CommandLineTools/usr/bin/make  -f CMakeFiles/cmTC_6f3fd.dir/build.make CMakeFiles/cmTC_6f3fd.dir/build
Building CXX object CMakeFiles/cmTC_6f3fd.dir/CMakeCXXCompilerABI.cpp.obj
/Applications/ArmGNUToolchain/12.3.rel1/arm-none-eabi/bin/arm-none-eabi-g++   -mcpu=cortex-m0plus -mthumb  -fdiagnostics-color=always   -v -o CMakeFiles/cmTC_6f3fd.dir/CMakeCXXCompilerABI.cpp.obj -c /Applications/CLion.app/Contents/bin/cmake/mac/share/cmake-3.25/Modules/CMakeCXXCompilerABI.cpp
Using built-in specs.
COLLECT_GCC=/Applications/ArmGNUToolchain/12.3.rel1/arm-none-eabi/bin/arm-none-eabi-g++
Target: arm-none-eabi
Configured with: /Volumes/data/jenkins/workspace/GNU-toolchain/arm-12/src/gcc/configure --target=arm-none-eabi --prefix=/Volumes/data/jenkins/workspace/GNU-toolchain/arm-12/build-arm-none-eabi/install --with-gmp=/Volumes/data/jenkins/workspace/GNU-toolchain/arm-12/build-arm-none-eabi/host-tools --with-mpfr=/Volumes/data/jenkins/workspace/GNU-toolchain/arm-12/build-arm-none-eabi/host-tools --with-mpc=/Volumes/data/jenkins/workspace/GNU-toolchain/arm-12/build-arm-none-eabi/host-tools --with-isl=/Volumes/data/jenkins/workspace/GNU-toolchain/arm-12/build-arm-none-eabi/host-tools --disable-shared --disable-nls --disable-threads --disable-tls --enable-checking=release --enable-languages=c,c++,fortran --with-newlib --with-gnu-as --with-gnu-ld --with-sysroot=/Volumes/data/jenkins/workspace/GNU-toolchain/arm-12/build-arm-none-eabi/install/arm-none-eabi --with-multilib-list=aprofile,rmprofile --with-pkgversion='Arm GNU Toolchain 12.3.Rel1 (Build arm-12.35)' --with-bugurl=https://bugs.linaro.org/
Thread model: single
Supported LTO compression algorithms: zlib
gcc version 12.3.1 20230626 (Arm GNU Toolchain 12.3.Rel1 (Build arm-12.35)) 
COLLECT_GCC_OPTIONS='-fdiagnostics-color=always' '-mcpu=cortex-m0plus' '-mthumb' '-v' '-o' 'CMakeFiles/cmTC_6f3fd.dir/CMakeCXXCompilerABI.cpp.obj' '-c' '-mfloat-abi=soft' '-mlibarch=armv6s-m' '-march=armv6s-m' '-dumpdir' 'CMakeFiles/cmTC_6f3fd.dir/'
 /Applications/ArmGNUToolchain/12.3.rel1/arm-none-eabi/bin/../libexec/gcc/arm-none-eabi/12.3.1/cc1plus -quiet -v -imultilib thumb/v6-m/nofp -iprefix /Applications/ArmGNUToolchain/12.3.rel1/arm-none-eabi/bin/../lib/gcc/arm-none-eabi/12.3.1/ -isysroot /Applications/ArmGNUToolchain/12.3.rel1/arm-none-eabi/bin/../arm-none-eabi -D__USES_INITFINI__ /Applications/CLion.app/Contents/bin/cmake/mac/share/cmake-3.25/Modules/CMakeCXXCompilerABI.cpp -quiet -dumpdir CMakeFiles/cmTC_6f3fd.dir/ -dumpbase CMakeCXXCompilerABI.cpp.cpp -dumpbase-ext .cpp -mcpu=cortex-m0plus -mthumb -mfloat-abi=soft -mlibarch=armv6s-m -march=armv6s-m -version -fdiagnostics-color=always -o /var/folders/4f/26m2clts1ms2d8l47h4xbny80000gn/T//ccJVNhcl.s
GNU C++17 (Arm GNU Toolchain 12.3.Rel1 (Build arm-12.35)) version 12.3.1 20230626 (arm-none-eabi)
	compiled by GNU C version Apple LLVM 13.0.0 (clang-1300.0.29.30), GMP version 6.2.1, MPFR version 3.1.6, MPC version 1.0.3, isl version isl-0.15-1-g835ea3a-GMP

GGC heuristics: --param ggc-min-expand=100 --param ggc-min-heapsize=131072
ignoring duplicate directory "/Applications/ArmGNUToolchain/12.3.rel1/arm-none-eabi/bin/../lib/gcc/../../lib/gcc/arm-none-eabi/12.3.1/../../../../arm-none-eabi/include/c++/12.3.1"
ignoring duplicate directory "/Applications/ArmGNUToolchain/12.3.rel1/arm-none-eabi/bin/../lib/gcc/../../lib/gcc/arm-none-eabi/12.3.1/../../../../arm-none-eabi/include/c++/12.3.1/arm-none-eabi/thumb/v6-m/nofp"
ignoring duplicate directory "/Applications/ArmGNUToolchain/12.3.rel1/arm-none-eabi/bin/../lib/gcc/../../lib/gcc/arm-none-eabi/12.3.1/../../../../arm-none-eabi/include/c++/12.3.1/backward"
ignoring duplicate directory "/Applications/ArmGNUToolchain/12.3.rel1/arm-none-eabi/bin/../lib/gcc/../../lib/gcc/arm-none-eabi/12.3.1/include"
ignoring nonexistent directory "/Applications/ArmGNUToolchain/12.3.rel1/arm-none-eabi/bin/../arm-none-eabi/usr/local/include"
ignoring duplicate directory "/Applications/ArmGNUToolchain/12.3.rel1/arm-none-eabi/bin/../lib/gcc/../../lib/gcc/arm-none-eabi/12.3.1/include-fixed"
ignoring duplicate directory "/Applications/ArmGNUToolchain/12.3.rel1/arm-none-eabi/bin/../lib/gcc/../../lib/gcc/arm-none-eabi/12.3.1/../../../../arm-none-eabi/include"
ignoring nonexistent directory "/Applications/ArmGNUToolchain/12.3.rel1/arm-none-eabi/bin/../arm-none-eabi/usr/include"
#include "..." search starts here:
#include <...> search starts here:
 /Applications/ArmGNUToolchain/12.3.rel1/arm-none-eabi/bin/../lib/gcc/arm-none-eabi/12.3.1/../../../../arm-none-eabi/include/c++/12.3.1
 /Applications/ArmGNUToolchain/12.3.rel1/arm-none-eabi/bin/../lib/gcc/arm-none-eabi/12.3.1/../../../../arm-none-eabi/include/c++/12.3.1/arm-none-eabi/thumb/v6-m/nofp
 /Applications/ArmGNUToolchain/12.3.rel1/arm-none-eabi/bin/../lib/gcc/arm-none-eabi/12.3.1/../../../../arm-none-eabi/include/c++/12.3.1/backward
 /Applications/ArmGNUToolchain/12.3.rel1/arm-none-eabi/bin/../lib/gcc/arm-none-eabi/12.3.1/include
 /Applications/ArmGNUToolchain/12.3.rel1/arm-none-eabi/bin/../lib/gcc/arm-none-eabi/12.3.1/include-fixed
 /Applications/ArmGNUToolchain/12.3.rel1/arm-none-eabi/bin/../lib/gcc/arm-none-eabi/12.3.1/../../../../arm-none-eabi/include
End of search list.
GNU C++17 (Arm GNU Toolchain 12.3.Rel1 (Build arm-12.35)) version 12.3.1 20230626 (arm-none-eabi)
	compiled by GNU C version Apple LLVM 13.0.0 (clang-1300.0.29.30), GMP version 6.2.1, MPFR version 3.1.6, MPC version 1.0.3, isl version isl-0.15-1-g835ea3a-GMP

GGC heuristics: --param ggc-min-expand=100 --param ggc-min-heapsize=131072
Compiler executable checksum: ea0df82b2cc92d22d7813c17b3aba7fa
COLLECT_GCC_OPTIONS='-fdiagnostics-color=always' '-mcpu=cortex-m0plus' '-mthumb' '-v' '-o' 'CMakeFiles/cmTC_6f3fd.dir/CMakeCXXCompilerABI.cpp.obj' '-c' '-mfloat-abi=soft' '-mlibarch=armv6s-m' '-march=armv6s-m' '-dumpdir' 'CMakeFiles/cmTC_6f3fd.dir/'
 /Applications/ArmGNUToolchain/12.3.rel1/arm-none-eabi/bin/../lib/gcc/arm-none-eabi/12.3.1/../../../../arm-none-eabi/bin/as -v -march=armv6s-m -mfloat-abi=soft -meabi=5 -o CMakeFiles/cmTC_6f3fd.dir/CMakeCXXCompilerABI.cpp.obj /var/folders/4f/26m2clts1ms2d8l47h4xbny80000gn/T//ccJVNhcl.s
GNU assembler version 2.40.0 (arm-none-eabi) using BFD version (Arm GNU Toolchain 12.3.Rel1 (Build arm-12.35)) 2.40.0.20230627
COMPILER_PATH=/Applications/ArmGNUToolchain/12.3.rel1/arm-none-eabi/bin/../libexec/gcc/arm-none-eabi/12.3.1/:/Applications/ArmGNUToolchain/12.3.rel1/arm-none-eabi/bin/../libexec/gcc/:/Applications/ArmGNUToolchain/12.3.rel1/arm-none-eabi/bin/../lib/gcc/arm-none-eabi/12.3.1/../../../../arm-none-eabi/bin/
LIBRARY_PATH=/Applications/ArmGNUToolchain/12.3.rel1/arm-none-eabi/bin/../lib/gcc/arm-none-eabi/12.3.1/thumb/v6-m/nofp/:/Applications/ArmGNUToolchain/12.3.rel1/arm-none-eabi/bin/../lib/gcc/arm-none-eabi/12.3.1/../../../../arm-none-eabi/lib/thumb/v6-m/nofp/:/Applications/ArmGNUToolchain/12.3.rel1/arm-none-eabi/bin/../arm-none-eabi/lib/thumb/v6-m/nofp/:/Applications/ArmGNUToolchain/12.3.rel1/arm-none-eabi/bin/../lib/gcc/arm-none-eabi/12.3.1/:/Applications/ArmGNUToolchain/12.3.rel1/arm-none-eabi/bin/../lib/gcc/:/Applications/ArmGNUToolchain/12.3.rel1/arm-none-eabi/bin/../lib/gcc/arm-none-eabi/12.3.1/../../../../arm-none-eabi/lib/:/Applications/ArmGNUToolchain/12.3.rel1/arm-none-eabi/bin/../arm-none-eabi/lib/
COLLECT_GCC_OPTIONS='-fdiagnostics-color=always' '-mcpu=cortex-m0plus' '-mthumb' '-v' '-o' 'CMakeFiles/cmTC_6f3fd.dir/CMakeCXXCompilerABI.cpp.obj' '-c' '-mfloat-abi=soft' '-mlibarch=armv6s-m' '-march=armv6s-m' '-dumpdir' 'CMakeFiles/cmTC_6f3fd.dir/CMakeCXXCompilerABI.cpp.'
Linking CXX executable cmTC_6f3fd.elf
/Applications/CLion.app/Contents/bin/cmake/mac/bin/cmake -E cmake_link_script CMakeFiles/cmTC_6f3fd.dir/link.txt --verbose=1
/Applications/ArmGNUToolchain/12.3.rel1/arm-none-eabi/bin/arm-none-eabi-g++ -mcpu=cortex-m0plus -mthumb  -Wl,--build-id=none -nostdlib  -v CMakeFiles/cmTC_6f3fd.dir/CMakeCXXCompilerABI.cpp.obj -o cmTC_6f3fd.elf 
Using built-in specs.
COLLECT_GCC=/Applications/ArmGNUToolchain/12.3.rel1/arm-none-eabi/bin/arm-none-eabi-g++
COLLECT_LTO_WRAPPER=/Applications/ArmGNUToolchain/12.3.rel1/arm-none-eabi/bin/../libexec/gcc/arm-none-eabi/12.3.1/lto-wrapper
Target: arm-none-eabi
Configured with: /Volumes/data/jenkins/workspace/GNU-toolchain/arm-12/src/gcc/configure --target=arm-none-eabi --prefix=/Volumes/data/jenkins/workspace/GNU-toolchain/arm-12/build-arm-none-eabi/install --with-gmp=/Volumes/data/jenkins/workspace/GNU-toolchain/arm-12/build-arm-none-eabi/host-tools --with-mpfr=/Volumes/data/jenkins/workspace/GNU-toolchain/arm-12/build-arm-none-eabi/host-tools --with-mpc=/Volumes/data/jenkins/workspace/GNU-toolchain/arm-12/build-arm-none-eabi/host-tools --with-isl=/Volumes/data/jenkins/workspace/GNU-toolchain/arm-12/build-arm-none-eabi/host-tools --disable-shared --disable-nls --disable-threads --disable-tls --enable-checking=release --enable-languages=c,c++,fortran --with-newlib --with-gnu-as --with-gnu-ld --with-sysroot=/Volumes/data/jenkins/workspace/GNU-toolchain/arm-12/build-arm-none-eabi/install/arm-none-eabi --with-multilib-list=aprofile,rmprofile --with-pkgversion='Arm GNU Toolchain 12.3.Rel1 (Build arm-12.35)' --with-bugurl=https://bugs.linaro.org/
Thread model: single
Supported LTO compression algorithms: zlib
gcc version 12.3.1 20230626 (Arm GNU Toolchain 12.3.Rel1 (Build arm-12.35)) 
COMPILER_PATH=/Applications/ArmGNUToolchain/12.3.rel1/arm-none-eabi/bin/../libexec/gcc/arm-none-eabi/12.3.1/:/Applications/ArmGNUToolchain/12.3.rel1/arm-none-eabi/bin/../libexec/gcc/:/Applications/ArmGNUToolchain/12.3.rel1/arm-none-eabi/bin/../lib/gcc/arm-none-eabi/12.3.1/../../../../arm-none-eabi/bin/
LIBRARY_PATH=/Applications/ArmGNUToolchain/12.3.rel1/arm-none-eabi/bin/../lib/gcc/arm-none-eabi/12.3.1/thumb/v6-m/nofp/:/Applications/ArmGNUToolchain/12.3.rel1/arm-none-eabi/bin/../lib/gcc/arm-none-eabi/12.3.1/../../../../arm-none-eabi/lib/thumb/v6-m/nofp/:/Applications/ArmGNUToolchain/12.3.rel1/arm-none-eabi/bin/../arm-none-eabi/lib/thumb/v6-m/nofp/:/Applications/ArmGNUToolchain/12.3.rel1/arm-none-eabi/bin/../lib/gcc/arm-none-eabi/12.3.1/:/Applications/ArmGNUToolchain/12.3.rel1/arm-none-eabi/bin/../lib/gcc/:/Applications/ArmGNUToolchain/12.3.rel1/arm-none-eabi/bin/../lib/gcc/arm-none-eabi/12.3.1/../../../../arm-none-eabi/lib/:/Applications/ArmGNUToolchain/12.3.rel1/arm-none-eabi/bin/../arm-none-eabi/lib/
COLLECT_GCC_OPTIONS='-mcpu=cortex-m0plus' '-mthumb' '-nostdlib' '-v' '-o' 'cmTC_6f3fd.elf' '-mfloat-abi=soft' '-mlibarch=armv6s-m' '-march=armv6s-m' '-dumpdir' 'cmTC_6f3fd.elf.'
 /Applications/ArmGNUToolchain/12.3.rel1/arm-none-eabi/bin/../libexec/gcc/arm-none-eabi/12.3.1/collect2 -plugin /Applications/ArmGNUToolchain/12.3.rel1/arm-none-eabi/bin/../libexec/gcc/arm-none-eabi/12.3.1/liblto_plugin.so -plugin-opt=/Applications/ArmGNUToolchain/12.3.rel1/arm-none-eabi/bin/../libexec/gcc/arm-none-eabi/12.3.1/lto-wrapper -plugin-opt=-fresolution=/var/folders/4f/26m2clts1ms2d8l47h4xbny80000gn/T//ccfOukye.res --sysroot=/Applications/ArmGNUToolchain/12.3.rel1/arm-none-eabi/bin/../arm-none-eabi -X -o cmTC_6f3fd.elf -L/Applications/ArmGNUToolchain/12.3.rel1/arm-none-eabi/bin/../lib/gcc/arm-none-eabi/12.3.1/thumb/v6-m/nofp -L/Applications/ArmGNUToolchain/12.3.rel1/arm-none-eabi/bin/../lib/gcc/arm-none-eabi/12.3.1/../../../../arm-none-eabi/lib/thumb/v6-m/nofp -L/Applications/ArmGNUToolchain/12.3.rel1/arm-none-eabi/bin/../arm-none-eabi/lib/thumb/v6-m/nofp -L/Applications/ArmGNUToolchain/12.3.rel1/arm-none-eabi/bin/../lib/gcc/arm-none-eabi/12.3.1 -L/Applications/ArmGNUToolchain/12.3.rel1/arm-none-eabi/bin/../lib/gcc -L/Applications/ArmGNUToolchain/12.3.rel1/arm-none-eabi/bin/../lib/gcc/arm-none-eabi/12.3.1/../../../../arm-none-eabi/lib -L/Applications/ArmGNUToolchain/12.3.rel1/arm-none-eabi/bin/../arm-none-eabi/lib --build-id=none CMakeFiles/cmTC_6f3fd.dir/CMakeCXXCompilerABI.cpp.obj
/Applications/ArmGNUToolchain/12.3.rel1/arm-none-eabi/bin/../lib/gcc/arm-none-eabi/12.3.1/../../../../arm-none-eabi/bin/ld: warning: cannot find entry symbol _start; defaulting to 00008000
COLLECT_GCC_OPTIONS='-mcpu=cortex-m0plus' '-mthumb' '-nostdlib' '-v' '-o' 'cmTC_6f3fd.elf' '-mfloat-abi=soft' '-mlibarch=armv6s-m' '-march=armv6s-m' '-dumpdir' 'cmTC_6f3fd.elf.'



Parsed CXX implicit include dir info from above output: rv=done
  found start of include info
  found start of implicit include info
    add: [/Applications/ArmGNUToolchain/12.3.rel1/arm-none-eabi/bin/../lib/gcc/arm-none-eabi/12.3.1/../../../../arm-none-eabi/include/c++/12.3.1]
    add: [/Applications/ArmGNUToolchain/12.3.rel1/arm-none-eabi/bin/../lib/gcc/arm-none-eabi/12.3.1/../../../../arm-none-eabi/include/c++/12.3.1/arm-none-eabi/thumb/v6-m/nofp]
    add: [/Applications/ArmGNUToolchain/12.3.rel1/arm-none-eabi/bin/../lib/gcc/arm-none-eabi/12.3.1/../../../../arm-none-eabi/include/c++/12.3.1/backward]
    add: [/Applications/ArmGNUToolchain/12.3.rel1/arm-none-eabi/bin/../lib/gcc/arm-none-eabi/12.3.1/include]
    add: [/Applications/ArmGNUToolchain/12.3.rel1/arm-none-eabi/bin/../lib/gcc/arm-none-eabi/12.3.1/include-fixed]
    add: [/Applications/ArmGNUToolchain/12.3.rel1/arm-none-eabi/bin/../lib/gcc/arm-none-eabi/12.3.1/../../../../arm-none-eabi/include]
  end of search list found
  collapse include dir [/Applications/ArmGNUToolchain/12.3.rel1/arm-none-eabi/bin/../lib/gcc/arm-none-eabi/12.3.1/../../../../arm-none-eabi/include/c++/12.3.1] ==> [/Applications/ArmGNUToolchain/12.3.rel1/arm-none-eabi/arm-none-eabi/include/c++/12.3.1]
  collapse include dir [/Applications/ArmGNUToolchain/12.3.rel1/arm-none-eabi/bin/../lib/gcc/arm-none-eabi/12.3.1/../../../../arm-none-eabi/include/c++/12.3.1/arm-none-eabi/thumb/v6-m/nofp] ==> [/Applications/ArmGNUToolchain/12.3.rel1/arm-none-eabi/arm-none-eabi/include/c++/12.3.1/arm-none-eabi/thumb/v6-m/nofp]
  collapse include dir [/Applications/ArmGNUToolchain/12.3.rel1/arm-none-eabi/bin/../lib/gcc/arm-none-eabi/12.3.1/../../../../arm-none-eabi/include/c++/12.3.1/backward] ==> [/Applications/ArmGNUToolchain/12.3.rel1/arm-none-eabi/arm-none-eabi/include/c++/12.3.1/backward]
  collapse include dir [/Applications/ArmGNUToolchain/12.3.rel1/arm-none-eabi/bin/../lib/gcc/arm-none-eabi/12.3.1/include] ==> [/Applications/ArmGNUToolchain/12.3.rel1/arm-none-eabi/lib/gcc/arm-none-eabi/12.3.1/include]
  collapse include dir [/Applications/ArmGNUToolchain/12.3.rel1/arm-none-eabi/bin/../lib/gcc/arm-none-eabi/12.3.1/include-fixed] ==> [/Applications/ArmGNUToolchain/12.3.rel1/arm-none-eabi/lib/gcc/arm-none-eabi/12.3.1/include-fixed]
  collapse include dir [/Applications/ArmGNUToolchain/12.3.rel1/arm-none-eabi/bin/../lib/gcc/arm-none-eabi/12.3.1/../../../../arm-none-eabi/include] ==> [/Applications/ArmGNUToolchain/12.3.rel1/arm-none-eabi/arm-none-eabi/include]
  implicit include dirs: [/Applications/ArmGNUToolchain/12.3.rel1/arm-none-eabi/arm-none-eabi/include/c++/12.3.1;/Applications/ArmGNUToolchain/12.3.rel1/arm-none-eabi/arm-none-eabi/include/c++/12.3.1/arm-none-eabi/thumb/v6-m/nofp;/Applications/ArmGNUToolchain/12.3.rel1/arm-none-eabi/arm-none-eabi/include/c++/12.3.1/backward;/Applications/ArmGNUToolchain/12.3.rel1/arm-none-eabi/lib/gcc/arm-none-eabi/12.3.1/include;/Applications/ArmGNUToolchain/12.3.rel1/arm-none-eabi/lib/gcc/arm-none-eabi/12.3.1/include-fixed;/Applications/ArmGNUToolchain/12.3.rel1/arm-none-eabi/arm-none-eabi/include]


Parsed CXX implicit link information from above output:
  link line regex: [^( *|.*[/\])(arm-none-eabi-ld|CMAKE_LINK_STARTFILE-NOTFOUND|([^/\]+-)?ld|collect2)[^/\]*( |$)]
  ignore line: [Change Dir: /Users/yadullah/Downloads/FI_EmbeddedProgramming-master/cmake-build-debug/CMakeFiles/CMakeScratch/TryCompile-mYe6Tb]
  ignore line: []
  ignore line: [Run Build Command(s):/usr/bin/make -f Makefile cmTC_6f3fd/fast && /Library/Developer/CommandLineTools/usr/bin/make  -f CMakeFiles/cmTC_6f3fd.dir/build.make CMakeFiles/cmTC_6f3fd.dir/build]
  ignore line: [Building CXX object CMakeFiles/cmTC_6f3fd.dir/CMakeCXXCompilerABI.cpp.obj]
  ignore line: [/Applications/ArmGNUToolchain/12.3.rel1/arm-none-eabi/bin/arm-none-eabi-g++   -mcpu=cortex-m0plus -mthumb  -fdiagnostics-color=always   -v -o CMakeFiles/cmTC_6f3fd.dir/CMakeCXXCompilerABI.cpp.obj -c /Applications/CLion.app/Contents/bin/cmake/mac/share/cmake-3.25/Modules/CMakeCXXCompilerABI.cpp]
  ignore line: [Using built-in specs.]
  ignore line: [COLLECT_GCC=/Applications/ArmGNUToolchain/12.3.rel1/arm-none-eabi/bin/arm-none-eabi-g++]
  ignore line: [Target: arm-none-eabi]
  ignore line: [Configured with: /Volumes/data/jenkins/workspace/GNU-toolchain/arm-12/src/gcc/configure --target=arm-none-eabi --prefix=/Volumes/data/jenkins/workspace/GNU-toolchain/arm-12/build-arm-none-eabi/install --with-gmp=/Volumes/data/jenkins/workspace/GNU-toolchain/arm-12/build-arm-none-eabi/host-tools --with-mpfr=/Volumes/data/jenkins/workspace/GNU-toolchain/arm-12/build-arm-none-eabi/host-tools --with-mpc=/Volumes/data/jenkins/workspace/GNU-toolchain/arm-12/build-arm-none-eabi/host-tools --with-isl=/Volumes/data/jenkins/workspace/GNU-toolchain/arm-12/build-arm-none-eabi/host-tools --disable-shared --disable-nls --disable-threads --disable-tls --enable-checking=release --enable-languages=c,c++,fortran --with-newlib --with-gnu-as --with-gnu-ld --with-sysroot=/Volumes/data/jenkins/workspace/GNU-toolchain/arm-12/build-arm-none-eabi/install/arm-none-eabi --with-multilib-list=aprofile,rmprofile --with-pkgversion='Arm GNU Toolchain 12.3.Rel1 (Build arm-12.35)' --with-bugurl=https://bugs.linaro.org/]
  ignore line: [Thread model: single]
  ignore line: [Supported LTO compression algorithms: zlib]
  ignore line: [gcc version 12.3.1 20230626 (Arm GNU Toolchain 12.3.Rel1 (Build arm-12.35)) ]
  ignore line: [COLLECT_GCC_OPTIONS='-fdiagnostics-color=always' '-mcpu=cortex-m0plus' '-mthumb' '-v' '-o' 'CMakeFiles/cmTC_6f3fd.dir/CMakeCXXCompilerABI.cpp.obj' '-c' '-mfloat-abi=soft' '-mlibarch=armv6s-m' '-march=armv6s-m' '-dumpdir' 'CMakeFiles/cmTC_6f3fd.dir/']
  ignore line: [ /Applications/ArmGNUToolchain/12.3.rel1/arm-none-eabi/bin/../libexec/gcc/arm-none-eabi/12.3.1/cc1plus -quiet -v -imultilib thumb/v6-m/nofp -iprefix /Applications/ArmGNUToolchain/12.3.rel1/arm-none-eabi/bin/../lib/gcc/arm-none-eabi/12.3.1/ -isysroot /Applications/ArmGNUToolchain/12.3.rel1/arm-none-eabi/bin/../arm-none-eabi -D__USES_INITFINI__ /Applications/CLion.app/Contents/bin/cmake/mac/share/cmake-3.25/Modules/CMakeCXXCompilerABI.cpp -quiet -dumpdir CMakeFiles/cmTC_6f3fd.dir/ -dumpbase CMakeCXXCompilerABI.cpp.cpp -dumpbase-ext .cpp -mcpu=cortex-m0plus -mthumb -mfloat-abi=soft -mlibarch=armv6s-m -march=armv6s-m -version -fdiagnostics-color=always -o /var/folders/4f/26m2clts1ms2d8l47h4xbny80000gn/T//ccJVNhcl.s]
  ignore line: [GNU C++17 (Arm GNU Toolchain 12.3.Rel1 (Build arm-12.35)) version 12.3.1 20230626 (arm-none-eabi)]
  ignore line: [	compiled by GNU C version Apple LLVM 13.0.0 (clang-1300.0.29.30)  GMP version 6.2.1  MPFR version 3.1.6  MPC version 1.0.3  isl version isl-0.15-1-g835ea3a-GMP]
  ignore line: []
  ignore line: [GGC heuristics: --param ggc-min-expand=100 --param ggc-min-heapsize=131072]
  ignore line: [ignoring duplicate directory "/Applications/ArmGNUToolchain/12.3.rel1/arm-none-eabi/bin/../lib/gcc/../../lib/gcc/arm-none-eabi/12.3.1/../../../../arm-none-eabi/include/c++/12.3.1"]
  ignore line: [ignoring duplicate directory "/Applications/ArmGNUToolchain/12.3.rel1/arm-none-eabi/bin/../lib/gcc/../../lib/gcc/arm-none-eabi/12.3.1/../../../../arm-none-eabi/include/c++/12.3.1/arm-none-eabi/thumb/v6-m/nofp"]
  ignore line: [ignoring duplicate directory "/Applications/ArmGNUToolchain/12.3.rel1/arm-none-eabi/bin/../lib/gcc/../../lib/gcc/arm-none-eabi/12.3.1/../../../../arm-none-eabi/include/c++/12.3.1/backward"]
  ignore line: [ignoring duplicate directory "/Applications/ArmGNUToolchain/12.3.rel1/arm-none-eabi/bin/../lib/gcc/../../lib/gcc/arm-none-eabi/12.3.1/include"]
  ignore line: [ignoring nonexistent directory "/Applications/ArmGNUToolchain/12.3.rel1/arm-none-eabi/bin/../arm-none-eabi/usr/local/include"]
  ignore line: [ignoring duplicate directory "/Applications/ArmGNUToolchain/12.3.rel1/arm-none-eabi/bin/../lib/gcc/../../lib/gcc/arm-none-eabi/12.3.1/include-fixed"]
  ignore line: [ignoring duplicate directory "/Applications/ArmGNUToolchain/12.3.rel1/arm-none-eabi/bin/../lib/gcc/../../lib/gcc/arm-none-eabi/12.3.1/../../../../arm-none-eabi/include"]
  ignore line: [ignoring nonexistent directory "/Applications/ArmGNUToolchain/12.3.rel1/arm-none-eabi/bin/../arm-none-eabi/usr/include"]
  ignore line: [#include "..." search starts here:]
  ignore line: [#include <...> search starts here:]
  ignore line: [ /Applications/ArmGNUToolchain/12.3.rel1/arm-none-eabi/bin/../lib/gcc/arm-none-eabi/12.3.1/../../../../arm-none-eabi/include/c++/12.3.1]
  ignore line: [ /Applications/ArmGNUToolchain/12.3.rel1/arm-none-eabi/bin/../lib/gcc/arm-none-eabi/12.3.1/../../../../arm-none-eabi/include/c++/12.3.1/arm-none-eabi/thumb/v6-m/nofp]
  ignore line: [ /Applications/ArmGNUToolchain/12.3.rel1/arm-none-eabi/bin/../lib/gcc/arm-none-eabi/12.3.1/../../../../arm-none-eabi/include/c++/12.3.1/backward]
  ignore line: [ /Applications/ArmGNUToolchain/12.3.rel1/arm-none-eabi/bin/../lib/gcc/arm-none-eabi/12.3.1/include]
  ignore line: [ /Applications/ArmGNUToolchain/12.3.rel1/arm-none-eabi/bin/../lib/gcc/arm-none-eabi/12.3.1/include-fixed]
  ignore line: [ /Applications/ArmGNUToolchain/12.3.rel1/arm-none-eabi/bin/../lib/gcc/arm-none-eabi/12.3.1/../../../../arm-none-eabi/include]
  ignore line: [End of search list.]
  ignore line: [GNU C++17 (Arm GNU Toolchain 12.3.Rel1 (Build arm-12.35)) version 12.3.1 20230626 (arm-none-eabi)]
  ignore line: [	compiled by GNU C version Apple LLVM 13.0.0 (clang-1300.0.29.30)  GMP version 6.2.1  MPFR version 3.1.6  MPC version 1.0.3  isl version isl-0.15-1-g835ea3a-GMP]
  ignore line: []
  ignore line: [GGC heuristics: --param ggc-min-expand=100 --param ggc-min-heapsize=131072]
  ignore line: [Compiler executable checksum: ea0df82b2cc92d22d7813c17b3aba7fa]
  ignore line: [COLLECT_GCC_OPTIONS='-fdiagnostics-color=always' '-mcpu=cortex-m0plus' '-mthumb' '-v' '-o' 'CMakeFiles/cmTC_6f3fd.dir/CMakeCXXCompilerABI.cpp.obj' '-c' '-mfloat-abi=soft' '-mlibarch=armv6s-m' '-march=armv6s-m' '-dumpdir' 'CMakeFiles/cmTC_6f3fd.dir/']
  ignore line: [ /Applications/ArmGNUToolchain/12.3.rel1/arm-none-eabi/bin/../lib/gcc/arm-none-eabi/12.3.1/../../../../arm-none-eabi/bin/as -v -march=armv6s-m -mfloat-abi=soft -meabi=5 -o CMakeFiles/cmTC_6f3fd.dir/CMakeCXXCompilerABI.cpp.obj /var/folders/4f/26m2clts1ms2d8l47h4xbny80000gn/T//ccJVNhcl.s]
  ignore line: [GNU assembler version 2.40.0 (arm-none-eabi) using BFD version (Arm GNU Toolchain 12.3.Rel1 (Build arm-12.35)) 2.40.0.20230627]
  ignore line: [COMPILER_PATH=/Applications/ArmGNUToolchain/12.3.rel1/arm-none-eabi/bin/../libexec/gcc/arm-none-eabi/12.3.1/:/Applications/ArmGNUToolchain/12.3.rel1/arm-none-eabi/bin/../libexec/gcc/:/Applications/ArmGNUToolchain/12.3.rel1/arm-none-eabi/bin/../lib/gcc/arm-none-eabi/12.3.1/../../../../arm-none-eabi/bin/]
  ignore line: [LIBRARY_PATH=/Applications/ArmGNUToolchain/12.3.rel1/arm-none-eabi/bin/../lib/gcc/arm-none-eabi/12.3.1/thumb/v6-m/nofp/:/Applications/ArmGNUToolchain/12.3.rel1/arm-none-eabi/bin/../lib/gcc/arm-none-eabi/12.3.1/../../../../arm-none-eabi/lib/thumb/v6-m/nofp/:/Applications/ArmGNUToolchain/12.3.rel1/arm-none-eabi/bin/../arm-none-eabi/lib/thumb/v6-m/nofp/:/Applications/ArmGNUToolchain/12.3.rel1/arm-none-eabi/bin/../lib/gcc/arm-none-eabi/12.3.1/:/Applications/ArmGNUToolchain/12.3.rel1/arm-none-eabi/bin/../lib/gcc/:/Applications/ArmGNUToolchain/12.3.rel1/arm-none-eabi/bin/../lib/gcc/arm-none-eabi/12.3.1/../../../../arm-none-eabi/lib/:/Applications/ArmGNUToolchain/12.3.rel1/arm-none-eabi/bin/../arm-none-eabi/lib/]
  ignore line: [COLLECT_GCC_OPTIONS='-fdiagnostics-color=always' '-mcpu=cortex-m0plus' '-mthumb' '-v' '-o' 'CMakeFiles/cmTC_6f3fd.dir/CMakeCXXCompilerABI.cpp.obj' '-c' '-mfloat-abi=soft' '-mlibarch=armv6s-m' '-march=armv6s-m' '-dumpdir' 'CMakeFiles/cmTC_6f3fd.dir/CMakeCXXCompilerABI.cpp.']
  ignore line: [Linking CXX executable cmTC_6f3fd.elf]
  ignore line: [/Applications/CLion.app/Contents/bin/cmake/mac/bin/cmake -E cmake_link_script CMakeFiles/cmTC_6f3fd.dir/link.txt --verbose=1]
  ignore line: [/Applications/ArmGNUToolchain/12.3.rel1/arm-none-eabi/bin/arm-none-eabi-g++ -mcpu=cortex-m0plus -mthumb  -Wl --build-id=none -nostdlib  -v CMakeFiles/cmTC_6f3fd.dir/CMakeCXXCompilerABI.cpp.obj -o cmTC_6f3fd.elf ]
  ignore line: [Using built-in specs.]
  ignore line: [COLLECT_GCC=/Applications/ArmGNUToolchain/12.3.rel1/arm-none-eabi/bin/arm-none-eabi-g++]
  ignore line: [COLLECT_LTO_WRAPPER=/Applications/ArmGNUToolchain/12.3.rel1/arm-none-eabi/bin/../libexec/gcc/arm-none-eabi/12.3.1/lto-wrapper]
  ignore line: [Target: arm-none-eabi]
  ignore line: [Configured with: /Volumes/data/jenkins/workspace/GNU-toolchain/arm-12/src/gcc/configure --target=arm-none-eabi --prefix=/Volumes/data/jenkins/workspace/GNU-toolchain/arm-12/build-arm-none-eabi/install --with-gmp=/Volumes/data/jenkins/workspace/GNU-toolchain/arm-12/build-arm-none-eabi/host-tools --with-mpfr=/Volumes/data/jenkins/workspace/GNU-toolchain/arm-12/build-arm-none-eabi/host-tools --with-mpc=/Volumes/data/jenkins/workspace/GNU-toolchain/arm-12/build-arm-none-eabi/host-tools --with-isl=/Volumes/data/jenkins/workspace/GNU-toolchain/arm-12/build-arm-none-eabi/host-tools --disable-shared --disable-nls --disable-threads --disable-tls --enable-checking=release --enable-languages=c,c++,fortran --with-newlib --with-gnu-as --with-gnu-ld --with-sysroot=/Volumes/data/jenkins/workspace/GNU-toolchain/arm-12/build-arm-none-eabi/install/arm-none-eabi --with-multilib-list=aprofile,rmprofile --with-pkgversion='Arm GNU Toolchain 12.3.Rel1 (Build arm-12.35)' --with-bugurl=https://bugs.linaro.org/]
  ignore line: [Thread model: single]
  ignore line: [Supported LTO compression algorithms: zlib]
  ignore line: [gcc version 12.3.1 20230626 (Arm GNU Toolchain 12.3.Rel1 (Build arm-12.35)) ]
  ignore line: [COMPILER_PATH=/Applications/ArmGNUToolchain/12.3.rel1/arm-none-eabi/bin/../libexec/gcc/arm-none-eabi/12.3.1/:/Applications/ArmGNUToolchain/12.3.rel1/arm-none-eabi/bin/../libexec/gcc/:/Applications/ArmGNUToolchain/12.3.rel1/arm-none-eabi/bin/../lib/gcc/arm-none-eabi/12.3.1/../../../../arm-none-eabi/bin/]
  ignore line: [LIBRARY_PATH=/Applications/ArmGNUToolchain/12.3.rel1/arm-none-eabi/bin/../lib/gcc/arm-none-eabi/12.3.1/thumb/v6-m/nofp/:/Applications/ArmGNUToolchain/12.3.rel1/arm-none-eabi/bin/../lib/gcc/arm-none-eabi/12.3.1/../../../../arm-none-eabi/lib/thumb/v6-m/nofp/:/Applications/ArmGNUToolchain/12.3.rel1/arm-none-eabi/bin/../arm-none-eabi/lib/thumb/v6-m/nofp/:/Applications/ArmGNUToolchain/12.3.rel1/arm-none-eabi/bin/../lib/gcc/arm-none-eabi/12.3.1/:/Applications/ArmGNUToolchain/12.3.rel1/arm-none-eabi/bin/../lib/gcc/:/Applications/ArmGNUToolchain/12.3.rel1/arm-none-eabi/bin/../lib/gcc/arm-none-eabi/12.3.1/../../../../arm-none-eabi/lib/:/Applications/ArmGNUToolchain/12.3.rel1/arm-none-eabi/bin/../arm-none-eabi/lib/]
  ignore line: [COLLECT_GCC_OPTIONS='-mcpu=cortex-m0plus' '-mthumb' '-nostdlib' '-v' '-o' 'cmTC_6f3fd.elf' '-mfloat-abi=soft' '-mlibarch=armv6s-m' '-march=armv6s-m' '-dumpdir' 'cmTC_6f3fd.elf.']
  link line: [ /Applications/ArmGNUToolchain/12.3.rel1/arm-none-eabi/bin/../libexec/gcc/arm-none-eabi/12.3.1/collect2 -plugin /Applications/ArmGNUToolchain/12.3.rel1/arm-none-eabi/bin/../libexec/gcc/arm-none-eabi/12.3.1/liblto_plugin.so -plugin-opt=/Applications/ArmGNUToolchain/12.3.rel1/arm-none-eabi/bin/../libexec/gcc/arm-none-eabi/12.3.1/lto-wrapper -plugin-opt=-fresolution=/var/folders/4f/26m2clts1ms2d8l47h4xbny80000gn/T//ccfOukye.res --sysroot=/Applications/ArmGNUToolchain/12.3.rel1/arm-none-eabi/bin/../arm-none-eabi -X -o cmTC_6f3fd.elf -L/Applications/ArmGNUToolchain/12.3.rel1/arm-none-eabi/bin/../lib/gcc/arm-none-eabi/12.3.1/thumb/v6-m/nofp -L/Applications/ArmGNUToolchain/12.3.rel1/arm-none-eabi/bin/../lib/gcc/arm-none-eabi/12.3.1/../../../../arm-none-eabi/lib/thumb/v6-m/nofp -L/Applications/ArmGNUToolchain/12.3.rel1/arm-none-eabi/bin/../arm-none-eabi/lib/thumb/v6-m/nofp -L/Applications/ArmGNUToolchain/12.3.rel1/arm-none-eabi/bin/../lib/gcc/arm-none-eabi/12.3.1 -L/Applications/ArmGNUToolchain/12.3.rel1/arm-none-eabi/bin/../lib/gcc -L/Applications/ArmGNUToolchain/12.3.rel1/arm-none-eabi/bin/../lib/gcc/arm-none-eabi/12.3.1/../../../../arm-none-eabi/lib -L/Applications/ArmGNUToolchain/12.3.rel1/arm-none-eabi/bin/../arm-none-eabi/lib --build-id=none CMakeFiles/cmTC_6f3fd.dir/CMakeCXXCompilerABI.cpp.obj]
    arg [/Applications/ArmGNUToolchain/12.3.rel1/arm-none-eabi/bin/../libexec/gcc/arm-none-eabi/12.3.1/collect2] ==> ignore
    arg [-plugin] ==> ignore
    arg [/Applications/ArmGNUToolchain/12.3.rel1/arm-none-eabi/bin/../libexec/gcc/arm-none-eabi/12.3.1/liblto_plugin.so] ==> ignore
    arg [-plugin-opt=/Applications/ArmGNUToolchain/12.3.rel1/arm-none-eabi/bin/../libexec/gcc/arm-none-eabi/12.3.1/lto-wrapper] ==> ignore
    arg [-plugin-opt=-fresolution=/var/folders/4f/26m2clts1ms2d8l47h4xbny80000gn/T//ccfOukye.res] ==> ignore
    arg [--sysroot=/Applications/ArmGNUToolchain/12.3.rel1/arm-none-eabi/bin/../arm-none-eabi] ==> ignore
    arg [-X] ==> ignore
    arg [-o] ==> ignore
    arg [cmTC_6f3fd.elf] ==> ignore
    arg [-L/Applications/ArmGNUToolchain/12.3.rel1/arm-none-eabi/bin/../lib/gcc/arm-none-eabi/12.3.1/thumb/v6-m/nofp] ==> dir [/Applications/ArmGNUToolchain/12.3.rel1/arm-none-eabi/bin/../lib/gcc/arm-none-eabi/12.3.1/thumb/v6-m/nofp]
    arg [-L/Applications/ArmGNUToolchain/12.3.rel1/arm-none-eabi/bin/../lib/gcc/arm-none-eabi/12.3.1/../../../../arm-none-eabi/lib/thumb/v6-m/nofp] ==> dir [/Applications/ArmGNUToolchain/12.3.rel1/arm-none-eabi/bin/../lib/gcc/arm-none-eabi/12.3.1/../../../../arm-none-eabi/lib/thumb/v6-m/nofp]
    arg [-L/Applications/ArmGNUToolchain/12.3.rel1/arm-none-eabi/bin/../arm-none-eabi/lib/thumb/v6-m/nofp] ==> dir [/Applications/ArmGNUToolchain/12.3.rel1/arm-none-eabi/bin/../arm-none-eabi/lib/thumb/v6-m/nofp]
    arg [-L/Applications/ArmGNUToolchain/12.3.rel1/arm-none-eabi/bin/../lib/gcc/arm-none-eabi/12.3.1] ==> dir [/Applications/ArmGNUToolchain/12.3.rel1/arm-none-eabi/bin/../lib/gcc/arm-none-eabi/12.3.1]
    arg [-L/Applications/ArmGNUToolchain/12.3.rel1/arm-none-eabi/bin/../lib/gcc] ==> dir [/Applications/ArmGNUToolchain/12.3.rel1/arm-none-eabi/bin/../lib/gcc]
    arg [-L/Applications/ArmGNUToolchain/12.3.rel1/arm-none-eabi/bin/../lib/gcc/arm-none-eabi/12.3.1/../../../../arm-none-eabi/lib] ==> dir [/Applications/ArmGNUToolchain/12.3.rel1/arm-none-eabi/bin/../lib/gcc/arm-none-eabi/12.3.1/../../../../arm-none-eabi/lib]
    arg [-L/Applications/ArmGNUToolchain/12.3.rel1/arm-none-eabi/bin/../arm-none-eabi/lib] ==> dir [/Applications/ArmGNUToolchain/12.3.rel1/arm-none-eabi/bin/../arm-none-eabi/lib]
    arg [--build-id=none] ==> ignore
    arg [CMakeFiles/cmTC_6f3fd.dir/CMakeCXXCompilerABI.cpp.obj] ==> ignore
  collapse library dir [/Applications/ArmGNUToolchain/12.3.rel1/arm-none-eabi/bin/../lib/gcc/arm-none-eabi/12.3.1/thumb/v6-m/nofp] ==> [/Applications/ArmGNUToolchain/12.3.rel1/arm-none-eabi/lib/gcc/arm-none-eabi/12.3.1/thumb/v6-m/nofp]
  collapse library dir [/Applications/ArmGNUToolchain/12.3.rel1/arm-none-eabi/bin/../lib/gcc/arm-none-eabi/12.3.1/../../../../arm-none-eabi/lib/thumb/v6-m/nofp] ==> [/Applications/ArmGNUToolchain/12.3.rel1/arm-none-eabi/arm-none-eabi/lib/thumb/v6-m/nofp]
  collapse library dir [/Applications/ArmGNUToolchain/12.3.rel1/arm-none-eabi/bin/../arm-none-eabi/lib/thumb/v6-m/nofp] ==> [/Applications/ArmGNUToolchain/12.3.rel1/arm-none-eabi/arm-none-eabi/lib/thumb/v6-m/nofp]
  collapse library dir [/Applications/ArmGNUToolchain/12.3.rel1/arm-none-eabi/bin/../lib/gcc/arm-none-eabi/12.3.1] ==> [/Applications/ArmGNUToolchain/12.3.rel1/arm-none-eabi/lib/gcc/arm-none-eabi/12.3.1]
  collapse library dir [/Applications/ArmGNUToolchain/12.3.rel1/arm-none-eabi/bin/../lib/gcc] ==> [/Applications/ArmGNUToolchain/12.3.rel1/arm-none-eabi/lib/gcc]
  collapse library dir [/Applications/ArmGNUToolchain/12.3.rel1/arm-none-eabi/bin/../lib/gcc/arm-none-eabi/12.3.1/../../../../arm-none-eabi/lib] ==> [/Applications/ArmGNUToolchain/12.3.rel1/arm-none-eabi/arm-none-eabi/lib]
  collapse library dir [/Applications/ArmGNUToolchain/12.3.rel1/arm-none-eabi/bin/../arm-none-eabi/lib] ==> [/Applications/ArmGNUToolchain/12.3.rel1/arm-none-eabi/arm-none-eabi/lib]
  implicit libs: []
  implicit objs: []
  implicit dirs: [/Applications/ArmGNUToolchain/12.3.rel1/arm-none-eabi/lib/gcc/arm-none-eabi/12.3.1/thumb/v6-m/nofp;/Applications/ArmGNUToolchain/12.3.rel1/arm-none-eabi/arm-none-eabi/lib/thumb/v6-m/nofp;/Applications/ArmGNUToolchain/12.3.rel1/arm-none-eabi/lib/gcc/arm-none-eabi/12.3.1;/Applications/ArmGNUToolchain/12.3.rel1/arm-none-eabi/lib/gcc;/Applications/ArmGNUToolchain/12.3.rel1/arm-none-eabi/arm-none-eabi/lib]
  implicit fwks: []


